c:\users\mike\desktop\fggc_physics_assignment\debug\dx11 framework.bsc
c:\users\mike\desktop\fggc_physics_assignment\debug\vc120.pdb
c:\users\mike\desktop\fggc_physics_assignment\debug\vc120.idb
c:\users\mike\desktop\fggc_physics_assignment\debug\aiplane.sbr
c:\users\mike\desktop\fggc_physics_assignment\debug\appearance.sbr
c:\users\mike\desktop\fggc_physics_assignment\debug\application.sbr
c:\users\mike\desktop\fggc_physics_assignment\debug\camera.sbr
c:\users\mike\desktop\fggc_physics_assignment\debug\plane.sbr
c:\users\mike\desktop\fggc_physics_assignment\debug\carparticlemodel.sbr
c:\users\mike\desktop\fggc_physics_assignment\debug\ddstextureloader.sbr
c:\users\mike\desktop\fggc_physics_assignment\debug\main.sbr
c:\users\mike\desktop\fggc_physics_assignment\debug\gameobject.sbr
c:\users\mike\desktop\fggc_physics_assignment\debug\objloader.sbr
c:\users\mike\desktop\fggc_physics_assignment\debug\particlemodel.sbr
c:\users\mike\desktop\fggc_physics_assignment\debug\planeparticlemodel.sbr
c:\users\mike\desktop\fggc_physics_assignment\debug\transform.sbr
c:\users\mike\desktop\fggc_physics_assignment\debug\transform.obj
c:\users\mike\desktop\fggc_physics_assignment\debug\planeparticlemodel.obj
c:\users\mike\desktop\fggc_physics_assignment\debug\particlemodel.obj
c:\users\mike\desktop\fggc_physics_assignment\debug\objloader.obj
c:\users\mike\desktop\fggc_physics_assignment\debug\gameobject.obj
c:\users\mike\desktop\fggc_physics_assignment\debug\main.obj
c:\users\mike\desktop\fggc_physics_assignment\debug\ddstextureloader.obj
c:\users\mike\desktop\fggc_physics_assignment\debug\carparticlemodel.obj
c:\users\mike\desktop\fggc_physics_assignment\debug\plane.obj
c:\users\mike\desktop\fggc_physics_assignment\debug\camera.obj
c:\users\mike\desktop\fggc_physics_assignment\debug\application.obj
c:\users\mike\desktop\fggc_physics_assignment\debug\appearance.obj
c:\users\mike\desktop\fggc_physics_assignment\debug\aiplane.obj
c:\users\mike\desktop\fggc_physics_assignment\debug\dx11 framework.cso
c:\users\mike\desktop\fggc_physics_assignment\debug\dx11 framework.ilk
c:\users\mike\desktop\fggc_physics_assignment\debug\dx11 framework.exe
c:\users\mike\desktop\fggc_physics_assignment\debug\dx11 framework.pdb
c:\users\mike\desktop\fggc_physics_assignment\debug\dx11 framework.res
c:\users\mike\desktop\fggc_physics_assignment\debug\dx11 framework.tlog\bscmake.command.1.tlog
c:\users\mike\desktop\fggc_physics_assignment\debug\dx11 framework.tlog\bscmake.read.1.tlog
c:\users\mike\desktop\fggc_physics_assignment\debug\dx11 framework.tlog\bscmake.write.1.tlog
c:\users\mike\desktop\fggc_physics_assignment\debug\dx11 framework.tlog\cl.command.1.tlog
c:\users\mike\desktop\fggc_physics_assignment\debug\dx11 framework.tlog\cl.read.1.tlog
c:\users\mike\desktop\fggc_physics_assignment\debug\dx11 framework.tlog\cl.write.1.tlog
c:\users\mike\desktop\fggc_physics_assignment\debug\dx11 framework.tlog\dx11 framework.write.1u.tlog
c:\users\mike\desktop\fggc_physics_assignment\debug\dx11 framework.tlog\link.command.1.tlog
c:\users\mike\desktop\fggc_physics_assignment\debug\dx11 framework.tlog\link.read.1.tlog
c:\users\mike\desktop\fggc_physics_assignment\debug\dx11 framework.tlog\link.write.1.tlog
c:\users\mike\desktop\fggc_physics_assignment\debug\dx11 framework.tlog\rc.command.1.tlog
c:\users\mike\desktop\fggc_physics_assignment\debug\dx11 framework.tlog\rc.read.1.tlog
c:\users\mike\desktop\fggc_physics_assignment\debug\dx11 framework.tlog\rc.write.1.tlog
